<?xml version="1.0" encoding="UTF-8"?>
<!-- Generated by org.testng.reporters.JUnitReportReporter -->
<testsuite hostname="DESKTOP-KKPAPDH" failures="0" tests="2" name="com.simplilearn.AutomateWebapplication.WebTest" time="15.282" errors="0" timestamp="2022-03-24T02:22:33 IST" skipped="0">
  <testcase classname="com.simplilearn.AutomateWebapplication.WebTest" name="login" time="6.576"/>
  <system-out/>
  <testcase classname="com.simplilearn.AutomateWebapplication.WebTest" name="cart" time="8.706"/>
  <system-out/>
</testsuite> <!-- com.simplilearn.AutomateWebapplication.WebTest -->
